[2022-07-13T16:51:29.311Z] [PAYTM] INFO [NODE-SDK1.0.0] <MerchantProperties>: initialize called
[2022-07-13T16:51:29.312Z] [PAYTM] INFO [NODE-SDK1.0.0] <MerchantProperties>: Setting Environment for STAGE
[2022-07-13T16:51:29.314Z] [PAYTM] INFO [NODE-SDK:1.0.0:4f99c7e2-cffb-4cdf-bb49-5b3117dea66d] <Payment>: In createTxnToken PaymentDetail: {"channelId":"WEB","orderId":"ODR_1657731089100","txnAmount":{"currency":"INR","value":"1"},"userInfo":{"custId":"ddsjru7","address":"any address","email":"email.sahil@yahoo.com","firstName":"Sahil","lastName":"Kumar","mobile":"9658852281","pincode":"55019"},"readTimeout":80000}
[2022-07-13T16:51:29.315Z] [PAYTM] INFO [NODE-SDK:1.0.0:4f99c7e2-cffb-4cdf-bb49-5b3117dea66d] <Payment>: validatePaymentDetailsObject for object: {"channelId":"WEB","orderId":"ODR_1657731089100","txnAmount":{"currency":"INR","value":"1"},"userInfo":{"custId":"ddsjru7","address":"any address","email":"email.sahil@yahoo.com","firstName":"Sahil","lastName":"Kumar","mobile":"9658852281","pincode":"55019"},"readTimeout":80000}
[2022-07-13T16:51:29.315Z] [PAYTM] INFO [NODE-SDK:1.0.0:4f99c7e2-cffb-4cdf-bb49-5b3117dea66d] <Payment>:  validatePaymentDetailsObject returns true 
[2022-07-13T16:51:29.315Z] [PAYTM] INFO [NODE-SDK:1.0.0:4f99c7e2-cffb-4cdf-bb49-5b3117dea66d] <CommonUtil>: In getSecureRequestHeader
[2022-07-13T16:51:29.316Z] [PAYTM] INFO [NODE-SDK:1.0.0:4f99c7e2-cffb-4cdf-bb49-5b3117dea66d] <Payment>: InitiateTransactionRequest object {"head":{"version":"v2","channelId":"WEB","requestTimestamp":"1657731089315","signature":null},"body":{"requestType":"Payment","mid":"kjOoGQ79904845745905","orderId":"ODR_1657731089100","websiteName":"ddsjru7","txnAmount":{"currency":"INR","value":"1"},"userInfo":{"custId":"ddsjru7","address":"any address","email":"email.sahil@yahoo.com","firstName":"Sahil","lastName":"Kumar","mobile":"9658852281","pincode":"55019"},"callbackUrl":"http://localhost:3000/callback"}}
[2022-07-13T16:51:29.316Z] [PAYTM] INFO [NODE-SDK:1.0.0:4f99c7e2-cffb-4cdf-bb49-5b3117dea66d] <EncDecUtil>: generateSignature() called
[2022-07-13T16:51:29.317Z] [PAYTM] INFO [NODE-SDK:1.0.0:4f99c7e2-cffb-4cdf-bb49-5b3117dea66d] <EncDecUtil>: generateRandomString() called
[2022-07-13T16:51:29.319Z] [PAYTM] INFO [NODE-SDK:1.0.0:4f99c7e2-cffb-4cdf-bb49-5b3117dea66d] <EncDecUtil>: generateSalt returns: 5jMi
[2022-07-13T16:51:29.323Z] [PAYTM] INFO [NODE-SDK:1.0.0:4f99c7e2-cffb-4cdf-bb49-5b3117dea66d] <EncDecUtil>: getChecksumFromString returns: SOQc4dCn1RFgX//M/3+M5b1P7e/LKATiFF0jJP7/AAvpdNTh6dlrnMMFVdtbEhZ5cttaUFzRRfm38aHOVV+Onw9S6Qun7nI041Pr4o7ec0M=
[2022-07-13T16:51:29.325Z] [PAYTM] INFO [NODE-SDK:1.0.0:4f99c7e2-cffb-4cdf-bb49-5b3117dea66d] <Request>: process for request: {"head":{"version":"v2","channelId":"WEB","requestTimestamp":"1657731089315","signature":"SOQc4dCn1RFgX//M/3+M5b1P7e/LKATiFF0jJP7/AAvpdNTh6dlrnMMFVdtbEhZ5cttaUFzRRfm38aHOVV+Onw9S6Qun7nI041Pr4o7ec0M="},"body":{"requestType":"Payment","mid":"kjOoGQ79904845745905","orderId":"ODR_1657731089100","websiteName":"ddsjru7","txnAmount":{"currency":"INR","value":"1"},"userInfo":{"custId":"ddsjru7","address":"any address","email":"email.sahil@yahoo.com","firstName":"Sahil","lastName":"Kumar","mobile":"9658852281","pincode":"55019"},"callbackUrl":"http://localhost:3000/callback"}}
[2022-07-13T16:51:29.325Z] [PAYTM] INFO [NODE-SDK:1.0.0:4f99c7e2-cffb-4cdf-bb49-5b3117dea66d] <Request>: executeCurl called 
[2022-07-13T16:51:29.325Z] [PAYTM] INFO [NODE-SDK:1.0.0:4f99c7e2-cffb-4cdf-bb49-5b3117dea66d] <Request>: will make API call to: https://securegw-stage.paytm.in/theia/api/v1/initiateTransaction?mid=kjOoGQ79904845745905&orderId=ODR_1657731089100
[2022-07-13T16:51:30.383Z] [PAYTM] INFO [NODE-SDK:1.0.0:4f99c7e2-cffb-4cdf-bb49-5b3117dea66d] <Request>: API response received upon successful execution: {"head":{"responseTimestamp":"1657731090589","version":"v1","signature":"+TVvUq2b9cCAAl+1vM02Ni4lg8reDj3L4uqVAWjUqr3JEIwrM8JQ3TGWpepDCeiB+8OV1k6A0No8EzTMg4wtNIC+WYythVkdpH5i0iy3daI="},"body":{"resultInfo":{"resultStatus":"S","resultCode":"0000","resultMsg":"Success"},"txnToken":"9577f980fdb2479bada7feab94f8a9141657731090049","isPromoCodeValid":false,"authenticated":false}}
[2022-07-13T16:51:30.383Z] [PAYTM] INFO [NODE-SDK:1.0.0:4f99c7e2-cffb-4cdf-bb49-5b3117dea66d] <Request>: Raw Response: {"head":{"responseTimestamp":"1657731090589","version":"v1","signature":"+TVvUq2b9cCAAl+1vM02Ni4lg8reDj3L4uqVAWjUqr3JEIwrM8JQ3TGWpepDCeiB+8OV1k6A0No8EzTMg4wtNIC+WYythVkdpH5i0iy3daI="},"body":{"resultInfo":{"resultStatus":"S","resultCode":"0000","resultMsg":"Success"},"txnToken":"9577f980fdb2479bada7feab94f8a9141657731090049","isPromoCodeValid":false,"authenticated":false}}
[2022-07-13T16:51:30.384Z] [PAYTM] INFO [NODE-SDK:1.0.0:4f99c7e2-cffb-4cdf-bb49-5b3117dea66d] <Request>: Response Data Object: {"head":{"signature":"+TVvUq2b9cCAAl+1vM02Ni4lg8reDj3L4uqVAWjUqr3JEIwrM8JQ3TGWpepDCeiB+8OV1k6A0No8EzTMg4wtNIC+WYythVkdpH5i0iy3daI=","responseTimestamp":"1657731090589","version":"v1"},"body":{"txnToken":"9577f980fdb2479bada7feab94f8a9141657731090049","isPromoCodeValid":false,"resultInfo":{"resultStatus":"S","resultMsg":"Success","resultCode":"0000"},"extraParamsMap":{}}}
[2022-07-13T16:51:30.384Z] [PAYTM] INFO [NODE-SDK:1.0.0:4f99c7e2-cffb-4cdf-bb49-5b3117dea66d] <Request>: validating signature 
[2022-07-13T16:51:30.384Z] [PAYTM] INFO [NODE-SDK:1.0.0:4f99c7e2-cffb-4cdf-bb49-5b3117dea66d] <EncDecUtil>: verifyChecksumByString called()
[2022-07-13T16:51:30.384Z] [PAYTM] INFO [NODE-SDK:1.0.0:4f99c7e2-cffb-4cdf-bb49-5b3117dea66d] <EncDecUtil>: verifyChecksumByString returns: true
[2022-07-13T16:51:30.385Z] [PAYTM] INFO [NODE-SDK:1.0.0:4f99c7e2-cffb-4cdf-bb49-5b3117dea66d] <Request>: signature validation passed 
[2022-07-13T16:51:30.385Z] [PAYTM] INFO [NODE-SDK:1.0.0:4f99c7e2-cffb-4cdf-bb49-5b3117dea66d] <Request>: Execution completed with raw json response: {"head":{"responseTimestamp":"1657731090589","version":"v1","signature":"+TVvUq2b9cCAAl+1vM02Ni4lg8reDj3L4uqVAWjUqr3JEIwrM8JQ3TGWpepDCeiB+8OV1k6A0No8EzTMg4wtNIC+WYythVkdpH5i0iy3daI="},"body":{"resultInfo":{"resultStatus":"S","resultCode":"0000","resultMsg":"Success"},"txnToken":"9577f980fdb2479bada7feab94f8a9141657731090049","isPromoCodeValid":false,"authenticated":false}}
